  ArrayVersionDNN1.cpp
D:\DevFile\DNN\ArrayVersionDNN1\ArrayNeuron.h(42,2): warning C4018: '<': signed 또는 unsigned가 일치하지 않습니다.
D:\DevFile\DNN\ArrayVersionDNN1\ArrayNeuron.h(39): message : 클래스 템플릿 멤버 함수 'void Neuron<T2>::FeedForward(void)'을(를) 컴파일하는 중입니다.
          with
          [
              T2=float
          ]
D:\DevFile\DNN\ArrayVersionDNN1\ArrayNeuron.h(113): message : 컴파일되는 함수 템플릿 인스턴스화 'void Neuron<T2>::FeedForward(void)'에 대한 참조를 확인하세요.
          with
          [
              T2=float
          ]
D:\DevFile\DNN\ArrayVersionDNN1\ArrayNeuron.h(262): message : 컴파일되는 클래스 템플릿 인스턴스화 'Neuron<T2>'에 대한 참조를 확인하세요.
          with
          [
              T2=float
          ]
D:\DevFile\DNN\ArrayVersionDNN1\ArrayNeuron.h(258): message : 클래스 템플릿 멤버 함수 'void neuralNetwork<float>::PrintAllLayer(void)'을(를) 컴파일하는 중입니다.
D:\DevFile\DNN\ArrayVersionDNN1\ArrayVersionDNN1.cpp(14): message : 컴파일되는 함수 템플릿 인스턴스화 'void neuralNetwork<float>::PrintAllLayer(void)'에 대한 참조를 확인하세요.
D:\DevFile\DNN\ArrayVersionDNN1\ArrayVersionDNN1.cpp(12): message : 컴파일되는 클래스 템플릿 인스턴스화 'neuralNetwork<float>'에 대한 참조를 확인하세요.
D:\DevFile\DNN\ArrayVersionDNN1\ArrayNeuron.h(32,2): warning C4018: '<': signed 또는 unsigned가 일치하지 않습니다.
D:\DevFile\DNN\ArrayVersionDNN1\ArrayNeuron.h(30): message : 클래스 템플릿 멤버 함수 'void Neuron<T2>::InitWeighsFromIn(int)'을(를) 컴파일하는 중입니다.
          with
          [
              T2=float
          ]
D:\DevFile\DNN\ArrayVersionDNN1\ArrayNeuron.h(106): message : 컴파일되는 함수 템플릿 인스턴스화 'void Neuron<T2>::InitWeighsFromIn(int)'에 대한 참조를 확인하세요.
          with
          [
              T2=float
          ]
  ArrayVersionDNN1.vcxproj -> D:\DevFile\DNN\Debug\ArrayVersionDNN1.exe
